   Building scrutable @ file:///home/nld/dev/scrutable
      Built scrutable @ file:///home/nld/dev/scrutable
Uninstalled 1 package in 1ms
Installed 1 package in 210ms
  chunk done for spherical_cow (972.9s)
  chunk done for long_tail (1374.0s)
  chunk done for long_tail (1381.6s)
  chunk done for long_tail (1401.9s)
  chunk done for long_tail (1408.7s)
  chunk done for long_tail (1409.3s)
  chunk done for long_tail (1411.7s)
  chunk done for long_tail (1435.2s)
  chunk done for long_tail (2296.0s)
  chunk done for long_tail (2639.2s)
  chunk done for long_tail (2642.0s)
  chunk done for long_tail (2672.4s)
  chunk done for long_tail (2674.1s)
  chunk done for long_tail (2679.1s)
  chunk done for long_tail (3168.0s)

All chunks done in 3169.0s — merging and analyzing...

Done in 3169.9s

  Window |  SC noise(P99.9) |  SC noise(P50) |  LT noise(P99.9) |  LT noise(P50) |   Noise ratio(P99.9)
----------------------------------------------------------------------------------------------------
      1s |          0.0057s |        0.0002s |          3.4626s |        0.0006s |                 613×
      5s |          0.0096s |        0.0001s |          3.4585s |        0.0005s |                 360×
     30s |          0.0200s |        0.0001s |          3.5082s |        0.0005s |                 176×
      1m |          0.0265s |        0.0000s |          3.5259s |        0.0004s |                 133×
      2m |          0.0345s |        0.0000s |          3.4290s |        0.0004s |                  99×

If 'wider windows fix P99.9': LT noise(P99.9) drops like SC noise(P99.9).
If mix-shift dominated: ratio stays large or grows.

Results saved to /home/nld/dev/scrutable/scrutable-talk/output/noise_vs_window_parallel.csv
